<?xml version="1.0" encoding="UTF-8"?>
<!-- Generated by org.testng.reporters.JUnitXMLReporter -->
<testsuite hostname="DESKTOP-VQJ3RG5" tests="0" failures="0" timestamp="8 Oct 2018 01:30:16 GMT" time="0.032" errors="0">
  <testcase name="@BeforeTest parameterizedTest" time="0.0" classname="com.catchexceptions.seleniumpom.testcases.GoogleHomePageTest">
    <failure type="org.testng.TestNGException" message="
Parameter &amp;apos;firefox&amp;apos; is required by @Configuration on method parameterizedTest but has not been marked @Optional or defined
in C:\Users\dell\eclipse-workspace\seleniumpom\test-output\Failed suite [Default suite]\testng-failed.xml">
      <![CDATA[org.testng.TestNGException: 
Parameter 'firefox' is required by @Configuration on method parameterizedTest but has not been marked @Optional or defined
in C:\Users\dell\eclipse-workspace\seleniumpom\test-output\Failed suite [Default suite]\testng-failed.xml
... Removed 19 stack frames]]>
    </failure>
  </testcase> <!-- @BeforeTest parameterizedTest -->
</testsuite>
